f:\computergraphics\hw5\hw5\hw5\debug\vc141.pdb
f:\computergraphics\hw5\hw5\hw5\debug\vc141.idb
f:\computergraphics\hw5\hw5\hw5\debug\textureshaderclass.obj
f:\computergraphics\hw5\hw5\hw5\debug\textureclass.obj
f:\computergraphics\hw5\hw5\hw5\debug\systemclass.obj
f:\computergraphics\hw5\hw5\hw5\debug\modelclass.obj
f:\computergraphics\hw5\hw5\hw5\debug\main.obj
f:\computergraphics\hw5\hw5\hw5\debug\lightshaderclass.obj
f:\computergraphics\hw5\hw5\hw5\debug\lightclass.obj
f:\computergraphics\hw5\hw5\hw5\debug\inputclass.obj
f:\computergraphics\hw5\hw5\hw5\debug\graphicsclass.obj
f:\computergraphics\hw5\hw5\hw5\debug\d3dclass.obj
f:\computergraphics\hw5\hw5\hw5\debug\cameraclass.obj
f:\computergraphics\hw5\hw5\debug\hw5.ilk
f:\computergraphics\hw5\hw5\debug\hw5.exe
f:\computergraphics\hw5\hw5\debug\hw5.pdb
f:\computergraphics\hw5\hw5\hw5\debug\hw5.tlog\cl.read.1.tlog
f:\computergraphics\hw5\hw5\hw5\debug\hw5.tlog\cl.write.1.tlog
f:\computergraphics\hw5\hw5\hw5\debug\hw5.tlog\cl.command.1.tlog
f:\computergraphics\hw5\hw5\hw5\debug\hw5.tlog\link.read.1.tlog
f:\computergraphics\hw5\hw5\hw5\debug\hw5.tlog\link.write.1.tlog
f:\computergraphics\hw5\hw5\hw5\debug\hw5.tlog\link.command.1.tlog
