e:\computergraphics\tuto(0507~)\hw7\tutorial\debug\vc140.pdb
e:\computergraphics\tuto(0507~)\hw7\tutorial\debug\vc140.idb
e:\computergraphics\tuto(0507~)\hw7\tutorial\debug\bitmapclass.obj
e:\computergraphics\tuto(0507~)\hw7\tutorial\debug\cameraclass.obj
e:\computergraphics\tuto(0507~)\hw7\tutorial\debug\colorshaderclass.obj
e:\computergraphics\tuto(0507~)\hw7\tutorial\debug\d3dclass.obj
e:\computergraphics\tuto(0507~)\hw7\tutorial\debug\fontclass.obj
e:\computergraphics\tuto(0507~)\hw7\tutorial\debug\fontshaderclass.obj
e:\computergraphics\tuto(0507~)\hw7\tutorial\debug\graphicsclass.obj
e:\computergraphics\tuto(0507~)\hw7\tutorial\debug\inputclass.obj
e:\computergraphics\tuto(0507~)\hw7\tutorial\debug\lightclass.obj
e:\computergraphics\tuto(0507~)\hw7\tutorial\debug\lightshaderclass.obj
e:\computergraphics\tuto(0507~)\hw7\tutorial\debug\main.obj
e:\computergraphics\tuto(0507~)\hw7\tutorial\debug\modelclass.obj
e:\computergraphics\tuto(0507~)\hw7\tutorial\debug\systemclass.obj
e:\computergraphics\tuto(0507~)\hw7\tutorial\debug\textclass.obj
e:\computergraphics\tuto(0507~)\hw7\tutorial\debug\textureclass.obj
e:\computergraphics\tuto(0507~)\hw7\tutorial\debug\textureshaderclass.obj
e:\computergraphics\tuto(0507~)\hw7\debug\tutorial.ilk
e:\computergraphics\tuto(0507~)\hw7\debug\tutorial.exe
e:\computergraphics\tuto(0507~)\hw7\debug\tutorial.pdb
e:\computergraphics\tuto(0507~)\hw7\tutorial\debug\tutorial.tlog\cl.read.1.tlog
e:\computergraphics\tuto(0507~)\hw7\tutorial\debug\tutorial.tlog\cl.write.1.tlog
e:\computergraphics\tuto(0507~)\hw7\tutorial\debug\tutorial.tlog\cl.command.1.tlog
e:\computergraphics\tuto(0507~)\hw7\tutorial\debug\tutorial.tlog\link.read.1.tlog
e:\computergraphics\tuto(0507~)\hw7\tutorial\debug\tutorial.tlog\link.write.1.tlog
e:\computergraphics\tuto(0507~)\hw7\tutorial\debug\tutorial.tlog\link.command.1.tlog
