e:\computergraphics\0419\0419\debug\vc141.pdb
e:\computergraphics\0419\0419\debug\vc141.idb
e:\computergraphics\0419\0419\debug\textureshaderclass.obj
e:\computergraphics\0419\0419\debug\textureclass.obj
e:\computergraphics\0419\0419\debug\systemclass.obj
e:\computergraphics\0419\0419\debug\modelclass.obj
e:\computergraphics\0419\0419\debug\main.obj
e:\computergraphics\0419\0419\debug\lightshaderclass.obj
e:\computergraphics\0419\0419\debug\lightclass.obj
e:\computergraphics\0419\0419\debug\inputclass.obj
e:\computergraphics\0419\0419\debug\graphicsclass.obj
e:\computergraphics\0419\0419\debug\d3dclass.obj
e:\computergraphics\0419\0419\debug\colorshaderclass.obj
e:\computergraphics\0419\0419\debug\cameraclass.obj
e:\computergraphics\0419\debug\0419.ilk
e:\computergraphics\0419\debug\0419.exe
e:\computergraphics\0419\debug\0419.pdb
e:\computergraphics\0419\0419\debug\0419.tlog\cl.read.1.tlog
e:\computergraphics\0419\0419\debug\0419.tlog\cl.write.1.tlog
e:\computergraphics\0419\0419\debug\0419.tlog\cl.command.1.tlog
e:\computergraphics\0419\0419\debug\0419.tlog\link.read.1.tlog
e:\computergraphics\0419\0419\debug\0419.tlog\link.write.1.tlog
e:\computergraphics\0419\0419\debug\0419.tlog\link.command.1.tlog
