e:\computergraphics\hw6\0503\0503\debug\vc141.pdb
e:\computergraphics\hw6\0503\0503\debug\vc141.idb
e:\computergraphics\hw6\0503\0503\debug\textureshaderclass.obj
e:\computergraphics\hw6\0503\0503\debug\textureclass.obj
e:\computergraphics\hw6\0503\0503\debug\systemclass.obj
e:\computergraphics\hw6\0503\0503\debug\modelclass.obj
e:\computergraphics\hw6\0503\0503\debug\main.obj
e:\computergraphics\hw6\0503\0503\debug\lightshaderclass.obj
e:\computergraphics\hw6\0503\0503\debug\lightclass.obj
e:\computergraphics\hw6\0503\0503\debug\inputclass.obj
e:\computergraphics\hw6\0503\0503\debug\graphicsclass.obj
e:\computergraphics\hw6\0503\0503\debug\d3dclass.obj
e:\computergraphics\hw6\0503\0503\debug\colorshaderclass.obj
e:\computergraphics\hw6\0503\0503\debug\cameraclass.obj
e:\computergraphics\hw6\0503\debug\hw6.ilk
e:\computergraphics\hw6\0503\debug\hw6.exe
e:\computergraphics\hw6\0503\debug\hw6.pdb
e:\computergraphics\hw6\0503\0503\debug\hw6.tlog\cl.read.1.tlog
e:\computergraphics\hw6\0503\0503\debug\hw6.tlog\cl.write.1.tlog
e:\computergraphics\hw6\0503\0503\debug\hw6.tlog\cl.command.1.tlog
e:\computergraphics\hw6\0503\0503\debug\hw6.tlog\link.read.1.tlog
e:\computergraphics\hw6\0503\0503\debug\hw6.tlog\link.write.1.tlog
e:\computergraphics\hw6\0503\0503\debug\hw6.tlog\link.command.1.tlog
