d:\홍익세종\3학년\1학기\computergraphics\computergraphics_3\hw4\hw4\hw4\debug\vc141.pdb
d:\홍익세종\3학년\1학기\computergraphics\computergraphics_3\hw4\hw4\hw4\debug\vc141.idb
d:\홍익세종\3학년\1학기\computergraphics\computergraphics_3\hw4\hw4\hw4\debug\textureshaderclass.obj
d:\홍익세종\3학년\1학기\computergraphics\computergraphics_3\hw4\hw4\hw4\debug\textureclass.obj
d:\홍익세종\3학년\1학기\computergraphics\computergraphics_3\hw4\hw4\hw4\debug\systemclass.obj
d:\홍익세종\3학년\1학기\computergraphics\computergraphics_3\hw4\hw4\hw4\debug\modelclass.obj
d:\홍익세종\3학년\1학기\computergraphics\computergraphics_3\hw4\hw4\hw4\debug\main.obj
d:\홍익세종\3학년\1학기\computergraphics\computergraphics_3\hw4\hw4\hw4\debug\inputclass.obj
d:\홍익세종\3학년\1학기\computergraphics\computergraphics_3\hw4\hw4\hw4\debug\graphicsclass.obj
d:\홍익세종\3학년\1학기\computergraphics\computergraphics_3\hw4\hw4\hw4\debug\d3dclass.obj
d:\홍익세종\3학년\1학기\computergraphics\computergraphics_3\hw4\hw4\hw4\debug\colorshaderclass.obj
d:\홍익세종\3학년\1학기\computergraphics\computergraphics_3\hw4\hw4\hw4\debug\cameraclass.obj
d:\홍익세종\3학년\1학기\computergraphics\computergraphics_3\hw4\hw4\debug\hw4.exe
d:\홍익세종\3학년\1학기\computergraphics\computergraphics_3\hw4\hw4\debug\hw4.ilk
d:\홍익세종\3학년\1학기\computergraphics\computergraphics_3\hw4\hw4\debug\hw4.pdb
d:\홍익세종\3학년\1학기\computergraphics\computergraphics_3\hw4\hw4\hw4\debug\hw4.tlog\cl.command.1.tlog
d:\홍익세종\3학년\1학기\computergraphics\computergraphics_3\hw4\hw4\hw4\debug\hw4.tlog\cl.read.1.tlog
d:\홍익세종\3학년\1학기\computergraphics\computergraphics_3\hw4\hw4\hw4\debug\hw4.tlog\cl.write.1.tlog
d:\홍익세종\3학년\1학기\computergraphics\computergraphics_3\hw4\hw4\hw4\debug\hw4.tlog\link.command.1.tlog
d:\홍익세종\3학년\1학기\computergraphics\computergraphics_3\hw4\hw4\hw4\debug\hw4.tlog\link.read.1.tlog
d:\홍익세종\3학년\1학기\computergraphics\computergraphics_3\hw4\hw4\hw4\debug\hw4.tlog\link.write.1.tlog
