f:\computergraphics\tuto(0507~)\tutorial13\tutorial\debug\vc141.pdb
f:\computergraphics\tuto(0507~)\tutorial13\tutorial\debug\vc141.idb
f:\computergraphics\tuto(0507~)\tutorial13\tutorial\debug\textureshaderclass.obj
f:\computergraphics\tuto(0507~)\tutorial13\tutorial\debug\textureclass.obj
f:\computergraphics\tuto(0507~)\tutorial13\tutorial\debug\textclass.obj
f:\computergraphics\tuto(0507~)\tutorial13\tutorial\debug\systemclass.obj
f:\computergraphics\tuto(0507~)\tutorial13\tutorial\debug\modelclass.obj
f:\computergraphics\tuto(0507~)\tutorial13\tutorial\debug\main.obj
f:\computergraphics\tuto(0507~)\tutorial13\tutorial\debug\lightshaderclass.obj
f:\computergraphics\tuto(0507~)\tutorial13\tutorial\debug\lightclass.obj
f:\computergraphics\tuto(0507~)\tutorial13\tutorial\debug\inputclass.obj
f:\computergraphics\tuto(0507~)\tutorial13\tutorial\debug\graphicsclass.obj
f:\computergraphics\tuto(0507~)\tutorial13\tutorial\debug\fontshaderclass.obj
f:\computergraphics\tuto(0507~)\tutorial13\tutorial\debug\fontclass.obj
f:\computergraphics\tuto(0507~)\tutorial13\tutorial\debug\d3dclass.obj
f:\computergraphics\tuto(0507~)\tutorial13\tutorial\debug\colorshaderclass.obj
f:\computergraphics\tuto(0507~)\tutorial13\tutorial\debug\cameraclass.obj
f:\computergraphics\tuto(0507~)\tutorial13\tutorial\debug\bitmapclass.obj
f:\computergraphics\tuto(0507~)\tutorial13\debug\tutorial.ilk
f:\computergraphics\tuto(0507~)\tutorial13\debug\tutorial.exe
f:\computergraphics\tuto(0507~)\tutorial13\debug\tutorial.pdb
f:\computergraphics\tuto(0507~)\tutorial13\tutorial\debug\tutorial.tlog\cl.read.1.tlog
f:\computergraphics\tuto(0507~)\tutorial13\tutorial\debug\tutorial.tlog\cl.write.1.tlog
f:\computergraphics\tuto(0507~)\tutorial13\tutorial\debug\tutorial.tlog\cl.command.1.tlog
f:\computergraphics\tuto(0507~)\tutorial13\tutorial\debug\tutorial.tlog\link.read.1.tlog
f:\computergraphics\tuto(0507~)\tutorial13\tutorial\debug\tutorial.tlog\link.write.1.tlog
f:\computergraphics\tuto(0507~)\tutorial13\tutorial\debug\tutorial.tlog\link.command.1.tlog
