c:\users\b409_17\desktop\computergraphics_3\0312\0312\0312\debug\vc140.pdb
c:\users\b409_17\desktop\computergraphics_3\0312\0312\0312\debug\vc140.idb
c:\users\b409_17\desktop\computergraphics_3\0312\0312\0312\debug\circle.obj
c:\users\b409_17\desktop\computergraphics_3\0312\0312\0312\debug\rectangle.obj
c:\users\b409_17\desktop\computergraphics_3\0312\0312\0312\debug\shape.obj
c:\users\b409_17\desktop\0312\0312\debug\vc140.pdb
c:\users\b409_17\desktop\0312\0312\debug\vc140.idb
c:\users\b409_17\desktop\0312\0312\debug\circle.obj
c:\users\b409_17\desktop\0312\0312\debug\rectangle.obj
c:\users\b409_17\desktop\0312\0312\debug\shape.obj
c:\users\b409_17\desktop\0312\0312\debug\main.obj
c:\users\b409_17\desktop\computergraphics_3\0312\0312\0312\debug\main.obj
c:\users\b409_17\desktop\computergraphics_3\0312\0312\debug\0312.pdb
c:\users\b409_17\desktop\computergraphics_3\0312\0312\0312\debug\0312.tlog\cl.command.1.tlog
c:\users\b409_17\desktop\computergraphics_3\0312\0312\0312\debug\0312.tlog\cl.read.1.tlog
c:\users\b409_17\desktop\computergraphics_3\0312\0312\0312\debug\0312.tlog\cl.write.1.tlog
c:\users\b409_17\desktop\computergraphics_3\0312\0312\0312\debug\0312.tlog\link-cvtres.read.1.tlog
c:\users\b409_17\desktop\computergraphics_3\0312\0312\0312\debug\0312.tlog\link-cvtres.write.1.tlog
c:\users\b409_17\desktop\computergraphics_3\0312\0312\0312\debug\0312.tlog\link-rc.read.1.tlog
c:\users\b409_17\desktop\computergraphics_3\0312\0312\0312\debug\0312.tlog\link-rc.write.1.tlog
c:\users\b409_17\desktop\computergraphics_3\0312\0312\0312\debug\0312.tlog\link.command.1.tlog
c:\users\b409_17\desktop\computergraphics_3\0312\0312\0312\debug\0312.tlog\link.read.1.tlog
c:\users\b409_17\desktop\computergraphics_3\0312\0312\0312\debug\0312.tlog\link.write.1.tlog
